<?xml version="1.0" encoding="UTF-8"?>
<!-- Generated by org.testng.reporters.JUnitReportReporter -->
<testsuite skipped="0" hostname="PRINHYLTPDL1296" name="com.claraanalytics.test.RoleTest" tests="4" failures="0" timestamp="04 Jan 2021 06:48:11 GMT" time="23.276" errors="0">
  <testcase name="POST_CreateRole" time="17.854" classname="com.claraanalytics.test.RoleTest"/>
  <testcase name="PUT_UpdateRole" time="1.802" classname="com.claraanalytics.test.RoleTest"/>
  <testcase name="GET_Role" time="1.886" classname="com.claraanalytics.test.RoleTest"/>
  <testcase name="DELETE_Role" time="1.734" classname="com.claraanalytics.test.RoleTest"/>
</testsuite> <!-- com.claraanalytics.test.RoleTest -->
