<?xml version="1.0" encoding="UTF-8"?>
<!-- Generated by org.testng.reporters.JUnitReportReporter -->
<testsuite skipped="0" hostname="PRINHYLTPDL1296" name="com.claraanalytics.test.SentryTest" tests="1" failures="0" timestamp="2021-01-03T04:05:09 IST" time="0.004" errors="0">
  <testcase name="main" time="0.004" classname="com.claraanalytics.test.SentryTest"/>
  <system-out/>
</testsuite> <!-- com.claraanalytics.test.SentryTest -->
